2019-03-29T06:09:05+00:00 CRITICAL Uncaught Error: Cannot use object of type WC_Product_Simple as array in /Users/arpitasingh/Documents/Work/Sites/coadb/wp-content/themes/coadbtheme/purchase-jpg.php:54
Stack trace:
#0 /Users/arpitasingh/Documents/Work/Sites/coadb/wp-includes/template-loader.php(77): include()
#1 /Users/arpitasingh/Documents/Work/Sites/coadb/wp-blog-header.php(19): require_once('/Users/arpitasi...')
#2 /Users/arpitasingh/Documents/Work/Sites/coadb/index.php(17): require('/Users/arpitasi...')
#3 {main}
  thrown in /Users/arpitasingh/Documents/Work/Sites/coadb/wp-content/themes/coadbtheme/purchase-jpg.php on line 54

2019-03-29T06:17:06+00:00 CRITICAL Uncaught Error: Cannot use object of type WC_Product_Simple as array in /Users/arpitasingh/Documents/Work/Sites/coadb/wp-content/themes/coadbtheme/purchase-jpg.php:54
Stack trace:
#0 /Users/arpitasingh/Documents/Work/Sites/coadb/wp-includes/template-loader.php(77): include()
#1 /Users/arpitasingh/Documents/Work/Sites/coadb/wp-blog-header.php(19): require_once('/Users/arpitasi...')
#2 /Users/arpitasingh/Documents/Work/Sites/coadb/index.php(17): require('/Users/arpitasi...')
#3 {main}
  thrown in /Users/arpitasingh/Documents/Work/Sites/coadb/wp-content/themes/coadbtheme/purchase-jpg.php on line 54

2019-03-29T06:22:02+00:00 CRITICAL Uncaught Error: Cannot use object of type WC_Product_Simple as array in /Users/arpitasingh/Documents/Work/Sites/coadb/wp-content/themes/coadbtheme/purchase-jpg.php:54
Stack trace:
#0 /Users/arpitasingh/Documents/Work/Sites/coadb/wp-includes/template-loader.php(77): include()
#1 /Users/arpitasingh/Documents/Work/Sites/coadb/wp-blog-header.php(19): require_once('/Users/arpitasi...')
#2 /Users/arpitasingh/Documents/Work/Sites/coadb/index.php(17): require('/Users/arpitasi...')
#3 {main}
  thrown in /Users/arpitasingh/Documents/Work/Sites/coadb/wp-content/themes/coadbtheme/purchase-jpg.php on line 54

2019-03-29T06:40:56+00:00 CRITICAL syntax error, unexpected 'echo' (T_ECHO) in /Users/arpitasingh/Documents/Work/Sites/coadb/wp-content/themes/coadbtheme/woocommerce/loop/add-to-cart.php on line 26

2019-03-29T06:49:14+00:00 CRITICAL Uncaught ArgumentCountError: Too few arguments to function wdm_add_item_data(), 1 passed in /Users/arpitasingh/Documents/Work/Sites/coadb/wp-includes/class-wp-hook.php on line 286 and exactly 2 expected in /Users/arpitasingh/Documents/Work/Sites/coadb/wp-content/themes/coadbtheme/functions.php:310
Stack trace:
#0 /Users/arpitasingh/Documents/Work/Sites/coadb/wp-includes/class-wp-hook.php(286): wdm_add_item_data('')
#1 /Users/arpitasingh/Documents/Work/Sites/coadb/wp-includes/class-wp-hook.php(310): WP_Hook->apply_filters('', Array)
#2 /Users/arpitasingh/Documents/Work/Sites/coadb/wp-includes/plugin.php(465): WP_Hook->do_action(Array)
#3 /Users/arpitasingh/Documents/Work/Sites/coadb/wp-admin/admin-ajax.php(182): do_action('wp_ajax_nopriv_...')
#4 {main}
  thrown in /Users/arpitasingh/Documents/Work/Sites/coadb/wp-content/themes/coadbtheme/functions.php on line 310

