2019-04-01T09:32:02+00:00 CRITICAL Allowed memory size of 15728640 bytes exhausted (tried to allocate 131072 bytes) in /Users/arpitasingh/Documents/Work/Sites/coadb/wp-content/plugins/ajax-search-lite/includes/views/asl.shortcode.php on line 388

2019-04-01T09:32:05+00:00 CRITICAL Allowed memory size of 15728640 bytes exhausted (tried to allocate 32768 bytes) in /Users/arpitasingh/Documents/Work/Sites/coadb/wp-content/themes/coadbtheme/footer.php on line 1

2019-04-01T09:34:17+00:00 CRITICAL syntax error, unexpected '}' in /Users/arpitasingh/Documents/Work/Sites/coadb/wp-content/themes/coadbtheme/header-sub.php on line 39

2019-04-01T09:37:03+00:00 CRITICAL syntax error, unexpected '$index' (T_VARIABLE), expecting ',' or ';' in /Users/arpitasingh/Documents/Work/Sites/coadb/wp-content/themes/coadbtheme/header-sub.php on line 38

2019-04-01T10:32:51+00:00 CRITICAL Uncaught Error: Method name must be a string in /Users/arpitasingh/Documents/Work/Sites/coadb/wp-content/themes/coadbtheme/buy-clothing-merch.php:77
Stack trace:
#0 /Users/arpitasingh/Documents/Work/Sites/coadb/wp-includes/template-loader.php(77): include()
#1 /Users/arpitasingh/Documents/Work/Sites/coadb/wp-blog-header.php(19): require_once('/Users/arpitasi...')
#2 /Users/arpitasingh/Documents/Work/Sites/coadb/index.php(17): require('/Users/arpitasi...')
#3 {main}
  thrown in /Users/arpitasingh/Documents/Work/Sites/coadb/wp-content/themes/coadbtheme/buy-clothing-merch.php on line 77

2019-04-01T10:35:24+00:00 CRITICAL Uncaught Error: Call to a member function get_files() on integer in /Users/arpitasingh/Documents/Work/Sites/coadb/wp-content/themes/coadbtheme/functions.php:354
Stack trace:
#0 /Users/arpitasingh/Documents/Work/Sites/coadb/wp-includes/class-wp-hook.php(288): wdm_add_values_to_order_item_meta(17, Array)
#1 /Users/arpitasingh/Documents/Work/Sites/coadb/wp-includes/class-wp-hook.php(310): WP_Hook->apply_filters('', Array)
#2 /Users/arpitasingh/Documents/Work/Sites/coadb/wp-includes/plugin.php(465): WP_Hook->do_action(Array)
#3 /Users/arpitasingh/Documents/Work/Sites/coadb/wp-content/plugins/woocommerce/includes/class-wc-deprecated-action-hooks.php(159): do_action('woocommerce_add...', 17, Array, 'b7928b84d9ccb9f...')
#4 /Users/arpitasingh/Documents/Work/Sites/coadb/wp-content/plugins/woocommerce/includes/class-wc-deprecated-action-hooks.php(107): WC_Deprecated_Action_Hooks->trigger_hook('woocommerce_add...', Array)
#5 /Users/arpitasingh/Documents/Work/Sites/coadb/wp-content/plugins/woocommerce/includes/abstracts in /Users/arpitasingh/Documents/Work/Sites/coadb/wp-content/themes/coadbtheme/functions.php on line 354

2019-04-01T10:35:41+00:00 CRITICAL Uncaught Error: Call to a member function get_files() on integer in /Users/arpitasingh/Documents/Work/Sites/coadb/wp-content/themes/coadbtheme/functions.php:354
Stack trace:
#0 /Users/arpitasingh/Documents/Work/Sites/coadb/wp-includes/class-wp-hook.php(288): wdm_add_values_to_order_item_meta(18, Array)
#1 /Users/arpitasingh/Documents/Work/Sites/coadb/wp-includes/class-wp-hook.php(310): WP_Hook->apply_filters('', Array)
#2 /Users/arpitasingh/Documents/Work/Sites/coadb/wp-includes/plugin.php(465): WP_Hook->do_action(Array)
#3 /Users/arpitasingh/Documents/Work/Sites/coadb/wp-content/plugins/woocommerce/includes/class-wc-deprecated-action-hooks.php(159): do_action('woocommerce_add...', 18, Array, 'b7928b84d9ccb9f...')
#4 /Users/arpitasingh/Documents/Work/Sites/coadb/wp-content/plugins/woocommerce/includes/class-wc-deprecated-action-hooks.php(107): WC_Deprecated_Action_Hooks->trigger_hook('woocommerce_add...', Array)
#5 /Users/arpitasingh/Documents/Work/Sites/coadb/wp-content/plugins/woocommerce/includes/abstracts in /Users/arpitasingh/Documents/Work/Sites/coadb/wp-content/themes/coadbtheme/functions.php on line 354

2019-04-01T10:35:59+00:00 CRITICAL Uncaught Error: Call to a member function get_files() on integer in /Users/arpitasingh/Documents/Work/Sites/coadb/wp-content/themes/coadbtheme/functions.php:354
Stack trace:
#0 /Users/arpitasingh/Documents/Work/Sites/coadb/wp-includes/class-wp-hook.php(288): wdm_add_values_to_order_item_meta(19, Array)
#1 /Users/arpitasingh/Documents/Work/Sites/coadb/wp-includes/class-wp-hook.php(310): WP_Hook->apply_filters('', Array)
#2 /Users/arpitasingh/Documents/Work/Sites/coadb/wp-includes/plugin.php(465): WP_Hook->do_action(Array)
#3 /Users/arpitasingh/Documents/Work/Sites/coadb/wp-content/plugins/woocommerce/includes/class-wc-deprecated-action-hooks.php(159): do_action('woocommerce_add...', 19, Array, 'b7928b84d9ccb9f...')
#4 /Users/arpitasingh/Documents/Work/Sites/coadb/wp-content/plugins/woocommerce/includes/class-wc-deprecated-action-hooks.php(107): WC_Deprecated_Action_Hooks->trigger_hook('woocommerce_add...', Array)
#5 /Users/arpitasingh/Documents/Work/Sites/coadb/wp-content/plugins/woocommerce/includes/abstracts in /Users/arpitasingh/Documents/Work/Sites/coadb/wp-content/themes/coadbtheme/functions.php on line 354

2019-04-01T10:38:30+00:00 CRITICAL Uncaught Error: Call to a member function get_files() on integer in /Users/arpitasingh/Documents/Work/Sites/coadb/wp-content/themes/coadbtheme/functions.php:353
Stack trace:
#0 /Users/arpitasingh/Documents/Work/Sites/coadb/wp-includes/class-wp-hook.php(288): wdm_add_values_to_order_item_meta(20, Array)
#1 /Users/arpitasingh/Documents/Work/Sites/coadb/wp-includes/class-wp-hook.php(310): WP_Hook->apply_filters('', Array)
#2 /Users/arpitasingh/Documents/Work/Sites/coadb/wp-includes/plugin.php(465): WP_Hook->do_action(Array)
#3 /Users/arpitasingh/Documents/Work/Sites/coadb/wp-content/plugins/woocommerce/includes/class-wc-deprecated-action-hooks.php(159): do_action('woocommerce_add...', 20, Array, 'b7928b84d9ccb9f...')
#4 /Users/arpitasingh/Documents/Work/Sites/coadb/wp-content/plugins/woocommerce/includes/class-wc-deprecated-action-hooks.php(107): WC_Deprecated_Action_Hooks->trigger_hook('woocommerce_add...', Array)
#5 /Users/arpitasingh/Documents/Work/Sites/coadb/wp-content/plugins/woocommerce/includes/abstracts in /Users/arpitasingh/Documents/Work/Sites/coadb/wp-content/themes/coadbtheme/functions.php on line 353

2019-04-01T12:15:09+00:00 CRITICAL syntax error, unexpected '<', expecting end of file in /Users/arpitasingh/Documents/Work/Sites/coadb/wp-content/themes/coadbtheme/woocommerce/emails/customer-processing-order.php on line 63

2019-04-01T12:16:30+00:00 CRITICAL syntax error, unexpected '<', expecting end of file in /Users/arpitasingh/Documents/Work/Sites/coadb/wp-content/themes/coadbtheme/woocommerce/emails/customer-processing-order.php on line 63

2019-04-01T12:26:40+00:00 CRITICAL syntax error, unexpected '<' in /Users/arpitasingh/Documents/Work/Sites/coadb/wp-content/themes/coadbtheme/functions.php on line 357

2019-04-01T12:33:50+00:00 CRITICAL syntax error, unexpected 'die' (T_EXIT) in /Users/arpitasingh/Documents/Work/Sites/coadb/wp-content/themes/coadbtheme/download.php on line 6

2019-04-01T12:33:52+00:00 CRITICAL syntax error, unexpected 'die' (T_EXIT) in /Users/arpitasingh/Documents/Work/Sites/coadb/wp-content/themes/coadbtheme/download.php on line 6

2019-04-01T12:33:54+00:00 CRITICAL syntax error, unexpected 'die' (T_EXIT) in /Users/arpitasingh/Documents/Work/Sites/coadb/wp-content/themes/coadbtheme/download.php on line 6

2019-04-01T12:33:55+00:00 CRITICAL syntax error, unexpected 'die' (T_EXIT) in /Users/arpitasingh/Documents/Work/Sites/coadb/wp-content/themes/coadbtheme/download.php on line 6

2019-04-01T12:33:57+00:00 CRITICAL syntax error, unexpected 'die' (T_EXIT) in /Users/arpitasingh/Documents/Work/Sites/coadb/wp-content/themes/coadbtheme/download.php on line 6

2019-04-01T12:34:25+00:00 CRITICAL syntax error, unexpected 'die' (T_EXIT) in /Users/arpitasingh/Documents/Work/Sites/coadb/wp-content/themes/coadbtheme/download.php on line 6

2019-04-01T12:34:35+00:00 CRITICAL syntax error, unexpected '$images' (T_VARIABLE) in /Users/arpitasingh/Documents/Work/Sites/coadb/wp-content/themes/coadbtheme/download.php on line 8

2019-04-01T12:37:58+00:00 CRITICAL syntax error, unexpected '$images' (T_VARIABLE) in /Users/arpitasingh/Documents/Work/Sites/coadb/wp-content/themes/coadbtheme/download.php on line 10

2019-04-01T12:38:16+00:00 CRITICAL syntax error, unexpected '$images' (T_VARIABLE) in /Users/arpitasingh/Documents/Work/Sites/coadb/wp-content/themes/coadbtheme/download.php on line 9

2019-04-01T12:38:51+00:00 CRITICAL syntax error, unexpected 'if' (T_IF) in /Users/arpitasingh/Documents/Work/Sites/coadb/wp-content/themes/coadbtheme/download.php on line 12

